#
# A fatal error has been detected by the Java Runtime Environment:
#
#  EXCEPTION_ACCESS_VIOLATION (0xc0000005) at pc=0x69799512, pid=5528, tid=5468
#
# JRE version: 7.0
# Java VM: Java HotSpot(TM) Client VM (20.0-b01 mixed mode windows-x86 )
# Problematic frame:
# V  [jvm.dll+0x109512]
#
# If you would like to submit a bug report, please visit:
#   http://java.sun.com/webapps/bugreport/crash.jsp
#

---------------  T H R E A D  ---------------

Current thread (0x03082000):  JavaThread "JDWP Transport Listener: dt_socket" daemon [_thread_in_vm, id=5468, stack(0x19750000,0x197a0000)]

siginfo: ExceptionCode=0xc0000005, reading address 0x00000004

Registers:
EAX=0x00000000, EBX=0x6b5de174, ECX=0x00000000, EDX=0x00000000
ESP=0x1979f72c, EBP=0x1979f730, ESI=0x00000010, EDI=0x6b5de15c
EIP=0x69799512, EFLAGS=0x00010287

Register to memory mapping:

EAX=0x00000000
0x00000000 is pointing to unknown location

EBX=0x6b5de174
0x6b5de174 is pointing to unknown location

ECX=0x00000000
0x00000000 is pointing to unknown location

EDX=0x00000000
0x00000000 is pointing to unknown location

ESP=0x1979f72c
0x1979f72c is pointing into the stack for thread: 0x03082000
"JDWP Transport Listener: dt_socket" daemon prio=6 tid=0x03082000 nid=0x155c runnable [0x00000000]
   java.lang.Thread.State: RUNNABLE

EBP=0x1979f730
0x1979f730 is pointing into the stack for thread: 0x03082000
"JDWP Transport Listener: dt_socket" daemon prio=6 tid=0x03082000 nid=0x155c runnable [0x00000000]
   java.lang.Thread.State: RUNNABLE

ESI=0x00000010
0x00000010 is pointing to unknown location

EDI=0x6b5de15c
0x6b5de15c is pointing to unknown location


Top of Stack: (sp=0x1979f72c)
0x1979f72c:   03081738 1979f768 697abb16 052cf2c0
0x1979f73c:   6b5de15c 03082118 6b5de174 03082000
0x1979f74c:   0307bf58 0307bf60 0307c34c 03082000
0x1979f75c:   00000000 03082118 1979f82c 6b5de99c
0x1979f76c:   6b5c63b2 03082000 199a4dfc 00000000
0x1979f77c:   1979f7a0 1979f82c 19a02b30 1979f7dc
0x1979f78c:   199a4dfc 1979f7ac 6b5cbc96 1979f7ac
0x1979f79c:   1979f7e0 6b5de890 6b585004 6b5e2c40 

Instructions: (pc=0x69799512)
0x69799502:   8b 0c 01 8b 14 02 56 8b 35 f4 f9 94 69 8b 04 06
0x69799512:   8b 71 04 8b 76 0c 81 e6 00 ff 00 00 81 fe 00 05 


Stack: [0x19750000,0x197a0000],  sp=0x1979f72c,  free space=317k
Native frames: (J=compiled Java code, j=interpreted, Vv=VM code, C=native code)
V  [jvm.dll+0x109512]
V  [jvm.dll+0x11bb16]


---------------  P R O C E S S  ---------------

Java Threads: ( => current thread )
  0x19972000 JavaThread "Abandoned connection cleanup thread" daemon [_thread_blocked, id=5584, stack(0x19cb0000,0x19d00000)]
  0x198c5000 JavaThread "Low Memory Detector" daemon [_thread_blocked, id=5068, stack(0x19b90000,0x19be0000)]
  0x03097800 JavaThread "C1 CompilerThread0" daemon [_thread_blocked, id=3908, stack(0x19b00000,0x19b50000)]
  0x03088800 JavaThread "JDWP Command Reader" daemon [_thread_in_native, id=4740, stack(0x19870000,0x198c0000)]
  0x03087800 JavaThread "JDWP Event Helper Thread" daemon [_thread_blocked, id=7396, stack(0x197e0000,0x19830000)]
=>0x03082000 JavaThread "JDWP Transport Listener: dt_socket" daemon [_thread_in_vm, id=5468, stack(0x19750000,0x197a0000)]
  0x03075800 JavaThread "Attach Listener" daemon [_thread_blocked, id=5516, stack(0x19380000,0x193d0000)]
  0x03073800 JavaThread "Signal Dispatcher" daemon [_thread_blocked, id=2032, stack(0x192f0000,0x19340000)]
  0x03057800 JavaThread "Finalizer" daemon [_thread_blocked, id=6424, stack(0x19260000,0x192b0000)]
  0x03052c00 JavaThread "Reference Handler" daemon [_thread_blocked, id=4764, stack(0x191d0000,0x19220000)]
  0x014e9c00 JavaThread "main" [_thread_blocked, id=11092, stack(0x02da0000,0x02df0000)]

Other Threads:
  0x03050000 VMThread [stack: 0x19140000,0x19190000] [id=4464]
  0x0309c800 WatcherThread [stack: 0x19c20000,0x19c70000] [id=5040]

VM state:not at safepoint (normal execution)

VM Mutex/Monitor currently owned by a thread: None

Heap
 def new generation   total 4928K, used 2832K [0x050a0000, 0x055f0000, 0x0a5f0000)
  eden space 4416K,  52% used [0x050a0000, 0x052e4248, 0x054f0000)
  from space 512K, 100% used [0x05570000, 0x055f0000, 0x055f0000)
  to   space 512K,   0% used [0x054f0000, 0x054f0000, 0x05570000)
 tenured generation   total 10944K, used 699K [0x0a5f0000, 0x0b0a0000, 0x150a0000)
   the space 10944K,   6% used [0x0a5f0000, 0x0a69efa8, 0x0a69f000, 0x0b0a0000)
 compacting perm gen  total 12288K, used 6481K [0x150a0000, 0x15ca0000, 0x190a0000)
   the space 12288K,  52% used [0x150a0000, 0x156f4628, 0x156f4800, 0x15ca0000)
No shared spaces configured.

Dynamic libraries:
0x00990000 - 0x009bd000 	C:\Program Files (x86)\Java\jdk1.7.0\bin\javaw.exe
0x77ae0000 - 0x77c6e000 	C:\Windows\SYSTEM32\ntdll.dll
0x775a0000 - 0x77670000 	C:\Windows\System32\KERNEL32.DLL
0x76330000 - 0x764f2000 	C:\Windows\System32\KERNELBASE.dll
0x75cc0000 - 0x75d37000 	C:\Windows\System32\ADVAPI32.dll
0x759c0000 - 0x75a7d000 	C:\Windows\System32\msvcrt.dll
0x77a90000 - 0x77ad1000 	C:\Windows\System32\sechost.dll
0x767d0000 - 0x76890000 	C:\Windows\System32\RPCRT4.dll
0x745b0000 - 0x745d0000 	C:\Windows\System32\SspiCli.dll
0x745a0000 - 0x745aa000 	C:\Windows\System32\CRYPTBASE.dll
0x77280000 - 0x772d7000 	C:\Windows\System32\bcryptPrimitives.dll
0x76510000 - 0x7664c000 	C:\Windows\System32\USER32.dll
0x77260000 - 0x77276000 	C:\Windows\System32\win32u.dll
0x773f0000 - 0x77411000 	C:\Windows\System32\GDI32.dll
0x75d40000 - 0x75e98000 	C:\Windows\System32\gdi32full.dll
0x75f70000 - 0x75fe9000 	C:\Windows\System32\msvcp_win.dll
0x77120000 - 0x77238000 	C:\Windows\System32\ucrtbase.dll
0x6b9d0000 - 0x6ba5e000 	C:\Windows\WinSxS\x86_microsoft.windows.common-controls_6595b64144ccf1df_5.82.15063.413_none_55bc94a37c2a2854\COMCTL32.dll
0x77420000 - 0x77445000 	C:\Windows\System32\IMM32.DLL
0x6b910000 - 0x6b9ce000 	C:\Program Files (x86)\Java\jdk1.7.0\jre\bin\msvcr100.dll
0x69690000 - 0x69992000 	C:\Program Files (x86)\Java\jdk1.7.0\jre\bin\client\jvm.dll
0x71f00000 - 0x71f24000 	C:\Windows\SYSTEM32\WINMM.dll
0x71ed0000 - 0x71ef3000 	C:\Windows\SYSTEM32\winmmbase.dll
0x75b10000 - 0x75b49000 	C:\Windows\System32\cfgmgr32.dll
0x6b900000 - 0x6b90c000 	C:\Program Files (x86)\Java\jdk1.7.0\jre\bin\verify.dll
0x6b600000 - 0x6b61f000 	C:\Program Files (x86)\Java\jdk1.7.0\jre\bin\java.dll
0x6b5f0000 - 0x6b5f8000 	C:\Program Files (x86)\Java\jdk1.7.0\jre\bin\hpi.dll
0x76500000 - 0x76506000 	C:\Windows\System32\PSAPI.DLL
0x6b5c0000 - 0x6b5ea000 	C:\Program Files (x86)\Java\jdk1.7.0\jre\bin\jdwp.dll
0x6b5b0000 - 0x6b5b7000 	C:\Program Files (x86)\Java\jdk1.7.0\jre\bin\npt.dll
0x6b590000 - 0x6b5a3000 	C:\Program Files (x86)\Java\jdk1.7.0\jre\bin\zip.dll
0x6b580000 - 0x6b588000 	C:\Program Files (x86)\Java\jdk1.7.0\jre\bin\dt_socket.dll
0x75ea0000 - 0x75f07000 	C:\Windows\System32\WS2_32.dll
0x6f7d0000 - 0x6f7e1000 	C:\Windows\system32\napinsp.dll
0x6f7b0000 - 0x6f7c6000 	C:\Windows\system32\pnrpnsp.dll
0x6f790000 - 0x6f7a3000 	C:\Windows\system32\NLAapi.dll
0x70360000 - 0x703ae000 	C:\Windows\System32\mswsock.dll
0x70290000 - 0x7030f000 	C:\Windows\SYSTEM32\DNSAPI.dll
0x762c0000 - 0x762c7000 	C:\Windows\System32\NSI.dll
0x743c0000 - 0x743ef000 	C:\Windows\SYSTEM32\IPHLPAPI.DLL
0x6f6d0000 - 0x6f6db000 	C:\Windows\System32\winrnr.dll
0x6f670000 - 0x6f6ba000 	C:\Windows\System32\fwpuclnt.dll
0x74390000 - 0x743a8000 	C:\Windows\SYSTEM32\bcrypt.dll
0x6f6c0000 - 0x6f6c8000 	C:\Windows\System32\rasadhlp.dll
0x6b560000 - 0x6b576000 	C:\Program Files (x86)\Java\jdk1.7.0\jre\bin\net.dll
0x6b550000 - 0x6b55f000 	C:\Program Files (x86)\Java\jdk1.7.0\jre\bin\nio.dll

VM Arguments:
jvm_args: -agentlib:jdwp=transport=dt_socket,suspend=y,address=localhost:55212 -Dfile.encoding=UTF-8 
java_command: com.demo.crudoperations.TestClass
Launcher Type: SUN_STANDARD

Environment Variables:
JAVA_HOME=C:\Program Files (x86)\Java\jdk1.7.0
PATH=C:\Program Files (x86)\Java\jdk1.7.0\jre\bin;C:/Program Files (x86)/Java/jre7/bin/client;C:/Program Files (x86)/Java/jre7/bin;C:/Program Files (x86)/Java/jre7/lib/i386;C:\Windows\system32;C:\Windows;C:\Windows\System32\Wbem;C:\Windows\System32\WindowsPowerShell\v1.0\;C:\Program Files (x86)\Java\jdk1.7.0\bin;C:\apache-maven-3.5.2\bin;C:\Users\User\AppData\Local\Microsoft\WindowsApps;;E:\eclipse-java-luna-R-win32\eclipse;
USERNAME=User
OS=Windows_NT
PROCESSOR_IDENTIFIER=Intel64 Family 6 Model 37 Stepping 5, GenuineIntel



---------------  S Y S T E M  ---------------

OS: Windows NT 6.2 Build 9200 

CPU:total 4 (2 cores per cpu, 2 threads per core) family 6 model 37 stepping 5, cmov, cx8, fxsr, mmx, sse, sse2, sse3, ssse3, sse4.1, sse4.2, popcnt, ht

Memory: 4k page, physical 4053692k(727652k free), swap 5847148k(1347444k free)

vm_info: Java HotSpot(TM) Client VM (20.0-b01) for windows-x86 JRE (1.7.0-ea-b113), built on Oct  7 2010 03:09:04 by "java_re" with unknown MS VC++:1600

time: Sun Feb 25 18:23:18 2018
elapsed time: 89 seconds

